<?xml version="1.0" encoding="UTF-8"?>
<testsuite name="com.thoughtworks.ddd.bootcamp.domain.cart.CartTest" tests="7" skipped="0" failures="0" errors="0" timestamp="2021-09-10T13:04:01" hostname="JASMINEs-MacBook-Pro-2.local" time="0.079">
  <properties/>
  <testcase name="should add ipad pro as a product to a cart()" classname="com.thoughtworks.ddd.bootcamp.domain.cart.CartTest" time="0.071"/>
  <testcase name="should remove 1 GM Cricket bat from a cart containing 2 GM Cricket bats()" classname="com.thoughtworks.ddd.bootcamp.domain.cart.CartTest" time="0.001"/>
  <testcase name="should return all deleted products from cart()" classname="com.thoughtworks.ddd.bootcamp.domain.cart.CartTest" time="0.0"/>
  <testcase name="should add hero ink pen as a product to a cart()" classname="com.thoughtworks.ddd.bootcamp.domain.cart.CartTest" time="0.0"/>
  <testcase name="should initialize a cart with no products()" classname="com.thoughtworks.ddd.bootcamp.domain.cart.CartTest" time="0.001"/>
  <testcase name="should add 2 GM Cricket bats as a product to a cart()" classname="com.thoughtworks.ddd.bootcamp.domain.cart.CartTest" time="0.001"/>
  <testcase name="should remove all GM Cricket bats from a cart containing 2 GM Cricket bats()" classname="com.thoughtworks.ddd.bootcamp.domain.cart.CartTest" time="0.001"/>
  <system-out><![CDATA[]]></system-out>
  <system-err><![CDATA[]]></system-err>
</testsuite>
